
> yummi-share@1.0.0 start
> expo start

Starting project at /app
Starting Metro Bundler
The following packages should be updated for best compatibility with the installed expo version:
  react-native-screens@4.20.0 - expected version: ~4.16.0
Your project may not work correctly until you install the expected versions of the packages.
Waiting on http://localhost:8081
Logs for your project will appear below.
/app/node_modules/expo/node_modules/@expo/cli/build/src/utils/errors.js:130
    throw error;
    ^

Error: ENOENT: no such file or directory, watch '/app/node_modules/@hookform/.resolvers-6LciLy83/standard-schema/src/__tests__'
    at FSWatcher.<computed> (node:internal/fs/watchers:254:19)
    at Object.watch (node:fs:2561:36)
    at FallbackWatcher._watchdir (/app/node_modules/metro-file-map/src/watchers/FallbackWatcher.js:119:33)
    at /app/node_modules/metro-file-map/src/watchers/FallbackWatcher.js:219:22
    at Walker.<anonymous> (/app/node_modules/metro-file-map/src/watchers/FallbackWatcher.js:358:5)
    at Walker.emit (node:events:519:28)
    at /app/node_modules/walker/lib/walker.js:69:16
    at FSReqCallback.oncomplete (node:fs:186:23) {
  errno: -2,
  syscall: 'watch',
  code: 'ENOENT',
  path: '/app/node_modules/@hookform/.resolvers-6LciLy83/standard-schema/src/__tests__',
  filename: '/app/node_modules/@hookform/.resolvers-6LciLy83/standard-schema/src/__tests__'
}

Node.js v22.22.0
